This is pdfTeX, Version 3.141592653-2.6-1.40.26 (MiKTeX 24.4) (preloaded format=pdflatex 2024.9.14)  14 SEP 2024 12:01
entering extended mode
 restricted \write18 enabled.
 %&-line parsing enabled.
**"./programacion concurrente.tex"
(programacion concurrente.tex
LaTeX2e <2024-06-01> patch level 2
L3 programming layer <2024-08-16>
(C:\Users\Irlanda Ramos\Documents\miktex\tex/latex/beamer\beamer.cls
Document Class: beamer 2024/01/06 v3.71 A class for typesetting presentations
(C:\Users\Irlanda Ramos\Documents\miktex\tex/latex/beamer\beamerbasemodes.sty
(C:\Users\Irlanda Ramos\Documents\miktex\tex/latex/etoolbox\etoolbox.sty
Package: etoolbox 2020/10/05 v2.5k e-TeX tools for LaTeX (JAW)
\etb@tempcnta=\count194
)
\beamer@tempbox=\box52
\beamer@tempcount=\count195
\c@beamerpauses=\count196

(C:\Users\Irlanda Ramos\Documents\miktex\tex/latex/beamer\beamerbasedecode.sty
\beamer@slideinframe=\count197
\beamer@minimum=\count198
\beamer@decode@box=\box53
)
\beamer@commentbox=\box54
\beamer@modecount=\count199
) (C:\Users\Irlanda Ramos\Documents\miktex\tex/generic/iftex\iftex.sty
Package: iftex 2022/02/03 v1.0f TeX engine tests
)
\headdp=\dimen141
\footheight=\dimen142
\sidebarheight=\dimen143
\beamer@tempdim=\dimen144
\beamer@finalheight=\dimen145
\beamer@animht=\dimen146
\beamer@animdp=\dimen147
\beamer@animwd=\dimen148
\beamer@leftmargin=\dimen149
\beamer@rightmargin=\dimen150
\beamer@leftsidebar=\dimen151
\beamer@rightsidebar=\dimen152
\beamer@boxsize=\dimen153
\beamer@vboxoffset=\dimen154
\beamer@descdefault=\dimen155
\beamer@descriptionwidth=\dimen156
\beamer@lastskip=\skip49
\beamer@areabox=\box55
\beamer@animcurrent=\box56
\beamer@animshowbox=\box57
\beamer@sectionbox=\box58
\beamer@logobox=\box59
\beamer@linebox=\box60
\beamer@sectioncount=\count266
\beamer@subsubsectionmax=\count267
\beamer@subsectionmax=\count268
\beamer@sectionmax=\count269
\beamer@totalheads=\count270
\beamer@headcounter=\count271
\beamer@partstartpage=\count272
\beamer@sectionstartpage=\count273
\beamer@subsectionstartpage=\count274
\beamer@animationtempa=\count275
\beamer@animationtempb=\count276
\beamer@xpos=\count277
\beamer@ypos=\count278
\beamer@ypos@offset=\count279
\beamer@showpartnumber=\count280
\beamer@currentsubsection=\count281
\beamer@coveringdepth=\count282
\beamer@sectionadjust=\count283
\beamer@toclastsection=\count284
\beamer@tocsectionnumber=\count285

(C:\Users\Irlanda Ramos\Documents\miktex\tex/latex/beamer\beamerbaseoptions.sty
(C:\Users\Irlanda Ramos\Documents\miktex\tex/latex/graphics\keyval.sty
Package: keyval 2022/05/29 v1.15 key=value parser (DPC)
\KV@toks@=\toks17
))
\beamer@paperwidth=\skip50
\beamer@paperheight=\skip51

(C:\Users\Irlanda Ramos\Documents\miktex\tex/latex/geometry\geometry.sty
Package: geometry 2020/01/02 v5.9 Page Geometry

(C:\Users\Irlanda Ramos\Documents\miktex\tex/generic/iftex\ifvtex.sty
Package: ifvtex 2019/10/25 v1.7 ifvtex legacy package. Use iftex instead.
)
\Gm@cnth=\count286
\Gm@cntv=\count287
\c@Gm@tempcnt=\count288
\Gm@bindingoffset=\dimen157
\Gm@wd@mp=\dimen158
\Gm@odd@mp=\dimen159
\Gm@even@mp=\dimen160
\Gm@layoutwidth=\dimen161
\Gm@layoutheight=\dimen162
\Gm@layouthoffset=\dimen163
\Gm@layoutvoffset=\dimen164
\Gm@dimlist=\toks18

(C:\Users\Irlanda Ramos\Documents\miktex\tex/latex/geometry\geometry.cfg))
(C:\Users\Irlanda Ramos\Documents\miktex\tex/latex/pgf/math\pgfmath.sty
(C:\Users\Irlanda Ramos\Documents\miktex\tex/latex/pgf/utilities\pgfrcs.sty
(C:\Users\Irlanda Ramos\Documents\miktex\tex/generic/pgf/utilities\pgfutil-comm
on.tex
\pgfutil@everybye=\toks19
\pgfutil@tempdima=\dimen165
\pgfutil@tempdimb=\dimen166
)
(C:\Users\Irlanda Ramos\Documents\miktex\tex/generic/pgf/utilities\pgfutil-late
x.def
\pgfutil@abb=\box61
)
(C:\Users\Irlanda Ramos\Documents\miktex\tex/generic/pgf/utilities\pgfrcs.code.
tex (C:\Users\Irlanda Ramos\Documents\miktex\tex/generic/pgf\pgf.revision.tex)
Package: pgfrcs 2023-01-15 v3.1.10 (3.1.10)
)) (C:\Users\Irlanda Ramos\Documents\miktex\tex/latex/pgf/utilities\pgfkeys.sty

(C:\Users\Irlanda Ramos\Documents\miktex\tex/generic/pgf/utilities\pgfkeys.code
.tex
\pgfkeys@pathtoks=\toks20
\pgfkeys@temptoks=\toks21

(C:\Users\Irlanda Ramos\Documents\miktex\tex/generic/pgf/utilities\pgfkeyslibra
ryfiltered.code.tex
\pgfkeys@tmptoks=\toks22
)))
(C:\Users\Irlanda Ramos\Documents\miktex\tex/generic/pgf/math\pgfmath.code.tex
(C:\Users\Irlanda Ramos\Documents\miktex\tex/generic/pgf/math\pgfmathutil.code.
tex
\pgf@x=\dimen167
\pgf@xa=\dimen168
\pgf@xb=\dimen169
\pgf@xc=\dimen170
\pgf@y=\dimen171
\pgf@ya=\dimen172
\pgf@yb=\dimen173
\pgf@yc=\dimen174
\c@pgf@counta=\count289
\c@pgf@countb=\count290
\c@pgf@countc=\count291
\c@pgf@countd=\count292
)
(C:\Users\Irlanda Ramos\Documents\miktex\tex/generic/pgf/math\pgfmathparser.cod
e.tex
\pgfmath@dimen=\dimen175
\pgfmath@count=\count293
\pgfmath@box=\box62
\pgfmath@toks=\toks23
\pgfmath@stack@operand=\toks24
\pgfmath@stack@operation=\toks25
)
(C:\Users\Irlanda Ramos\Documents\miktex\tex/generic/pgf/math\pgfmathfunctions.
code.tex)
(C:\Users\Irlanda Ramos\Documents\miktex\tex/generic/pgf/math\pgfmathfunctions.
basic.code.tex)
(C:\Users\Irlanda Ramos\Documents\miktex\tex/generic/pgf/math\pgfmathfunctions.
trigonometric.code.tex)
(C:\Users\Irlanda Ramos\Documents\miktex\tex/generic/pgf/math\pgfmathfunctions.
random.code.tex)
(C:\Users\Irlanda Ramos\Documents\miktex\tex/generic/pgf/math\pgfmathfunctions.
comparison.code.tex)
(C:\Users\Irlanda Ramos\Documents\miktex\tex/generic/pgf/math\pgfmathfunctions.
base.code.tex)
(C:\Users\Irlanda Ramos\Documents\miktex\tex/generic/pgf/math\pgfmathfunctions.
round.code.tex)
(C:\Users\Irlanda Ramos\Documents\miktex\tex/generic/pgf/math\pgfmathfunctions.
misc.code.tex)
(C:\Users\Irlanda Ramos\Documents\miktex\tex/generic/pgf/math\pgfmathfunctions.
integerarithmetics.code.tex)
(C:\Users\Irlanda Ramos\Documents\miktex\tex/generic/pgf/math\pgfmathcalc.code.
tex)
(C:\Users\Irlanda Ramos\Documents\miktex\tex/generic/pgf/math\pgfmathfloat.code
.tex
\c@pgfmathroundto@lastzeros=\count294
))) (C:\Users\Irlanda Ramos\Documents\miktex\tex/latex/base\size11.clo
File: size11.clo 2024/02/08 v1.4n Standard LaTeX file (size option)
)
(C:\Users\Irlanda Ramos\Documents\miktex\tex/latex/pgf/basiclayer\pgfcore.sty
(C:\Users\Irlanda Ramos\Documents\miktex\tex/latex/graphics\graphicx.sty
Package: graphicx 2021/09/16 v1.2d Enhanced LaTeX Graphics (DPC,SPQR)

(C:\Users\Irlanda Ramos\Documents\miktex\tex/latex/graphics\graphics.sty
Package: graphics 2024/05/23 v1.4g Standard LaTeX Graphics (DPC,SPQR)

(C:\Users\Irlanda Ramos\Documents\miktex\tex/latex/graphics\trig.sty
Package: trig 2023/12/02 v1.11 sin cos tan (DPC)
)
(C:\Users\Irlanda Ramos\Documents\miktex\tex/latex/graphics-cfg\graphics.cfg
File: graphics.cfg 2016/06/04 v1.11 sample graphics configuration
)
Package graphics Info: Driver file: pdftex.def on input line 106.

(C:\Users\Irlanda Ramos\Documents\miktex\tex/latex/graphics-def\pdftex.def
File: pdftex.def 2024/04/13 v1.2c Graphics/color driver for pdftex
))
\Gin@req@height=\dimen176
\Gin@req@width=\dimen177
)
(C:\Users\Irlanda Ramos\Documents\miktex\tex/latex/pgf/systemlayer\pgfsys.sty
(C:\Users\Irlanda Ramos\Documents\miktex\tex/generic/pgf/systemlayer\pgfsys.cod
e.tex
Package: pgfsys 2023-01-15 v3.1.10 (3.1.10)
\pgf@x=\dimen178
\pgf@y=\dimen179
\pgf@xa=\dimen180
\pgf@ya=\dimen181
\pgf@xb=\dimen182
\pgf@yb=\dimen183
\pgf@xc=\dimen184
\pgf@yc=\dimen185
\pgf@xd=\dimen186
\pgf@yd=\dimen187
\w@pgf@writea=\write3
\r@pgf@reada=\read2
\c@pgf@counta=\count295
\c@pgf@countb=\count296
\c@pgf@countc=\count297
\c@pgf@countd=\count298
\t@pgf@toka=\toks26
\t@pgf@tokb=\toks27
\t@pgf@tokc=\toks28
\pgf@sys@id@count=\count299

(C:\Users\Irlanda Ramos\Documents\miktex\tex/generic/pgf/systemlayer\pgf.cfg
File: pgf.cfg 2023-01-15 v3.1.10 (3.1.10)
)
Driver file for pgf: pgfsys-pdftex.def

(C:\Users\Irlanda Ramos\Documents\miktex\tex/generic/pgf/systemlayer\pgfsys-pdf
tex.def
File: pgfsys-pdftex.def 2023-01-15 v3.1.10 (3.1.10)

(C:\Users\Irlanda Ramos\Documents\miktex\tex/generic/pgf/systemlayer\pgfsys-com
mon-pdf.def
File: pgfsys-common-pdf.def 2023-01-15 v3.1.10 (3.1.10)
)))
(C:\Users\Irlanda Ramos\Documents\miktex\tex/generic/pgf/systemlayer\pgfsyssoft
path.code.tex
File: pgfsyssoftpath.code.tex 2023-01-15 v3.1.10 (3.1.10)
\pgfsyssoftpath@smallbuffer@items=\count300
\pgfsyssoftpath@bigbuffer@items=\count301
)
(C:\Users\Irlanda Ramos\Documents\miktex\tex/generic/pgf/systemlayer\pgfsysprot
ocol.code.tex
File: pgfsysprotocol.code.tex 2023-01-15 v3.1.10 (3.1.10)
))
(C:\Users\Irlanda Ramos\Documents\miktex\tex/latex/xcolor\xcolor.sty
Package: xcolor 2023/11/15 v3.01 LaTeX color extensions (UK)

(C:\Users\Irlanda Ramos\Documents\miktex\tex/latex/graphics-cfg\color.cfg
File: color.cfg 2016/01/02 v1.6 sample color configuration
)
Package xcolor Info: Driver file: pdftex.def on input line 274.

(C:\Users\Irlanda Ramos\Documents\miktex\tex/latex/graphics\mathcolor.ltx)
Package xcolor Info: Model `cmy' substituted by `cmy0' on input line 1350.
Package xcolor Info: Model `hsb' substituted by `rgb' on input line 1354.
Package xcolor Info: Model `RGB' extended on input line 1366.
Package xcolor Info: Model `HTML' substituted by `rgb' on input line 1368.
Package xcolor Info: Model `Hsb' substituted by `hsb' on input line 1369.
Package xcolor Info: Model `tHsb' substituted by `hsb' on input line 1370.
Package xcolor Info: Model `HSB' substituted by `hsb' on input line 1371.
Package xcolor Info: Model `Gray' substituted by `gray' on input line 1372.
Package xcolor Info: Model `wave' substituted by `hsb' on input line 1373.
)
(C:\Users\Irlanda Ramos\Documents\miktex\tex/generic/pgf/basiclayer\pgfcore.cod
e.tex
Package: pgfcore 2023-01-15 v3.1.10 (3.1.10)

(C:\Users\Irlanda Ramos\Documents\miktex\tex/generic/pgf/math\pgfint.code.tex)
(C:\Users\Irlanda Ramos\Documents\miktex\tex/generic/pgf/basiclayer\pgfcorepoin
ts.code.tex
File: pgfcorepoints.code.tex 2023-01-15 v3.1.10 (3.1.10)
\pgf@picminx=\dimen188
\pgf@picmaxx=\dimen189
\pgf@picminy=\dimen190
\pgf@picmaxy=\dimen191
\pgf@pathminx=\dimen192
\pgf@pathmaxx=\dimen193
\pgf@pathminy=\dimen194
\pgf@pathmaxy=\dimen195
\pgf@xx=\dimen196
\pgf@xy=\dimen197
\pgf@yx=\dimen198
\pgf@yy=\dimen199
\pgf@zx=\dimen256
\pgf@zy=\dimen257
)
(C:\Users\Irlanda Ramos\Documents\miktex\tex/generic/pgf/basiclayer\pgfcorepath
construct.code.tex
File: pgfcorepathconstruct.code.tex 2023-01-15 v3.1.10 (3.1.10)
\pgf@path@lastx=\dimen258
\pgf@path@lasty=\dimen259
)
(C:\Users\Irlanda Ramos\Documents\miktex\tex/generic/pgf/basiclayer\pgfcorepath
usage.code.tex
File: pgfcorepathusage.code.tex 2023-01-15 v3.1.10 (3.1.10)
\pgf@shorten@end@additional=\dimen260
\pgf@shorten@start@additional=\dimen261
)
(C:\Users\Irlanda Ramos\Documents\miktex\tex/generic/pgf/basiclayer\pgfcorescop
es.code.tex
File: pgfcorescopes.code.tex 2023-01-15 v3.1.10 (3.1.10)
\pgfpic=\box63
\pgf@hbox=\box64
\pgf@layerbox@main=\box65
\pgf@picture@serial@count=\count302
)
(C:\Users\Irlanda Ramos\Documents\miktex\tex/generic/pgf/basiclayer\pgfcoregrap
hicstate.code.tex
File: pgfcoregraphicstate.code.tex 2023-01-15 v3.1.10 (3.1.10)
\pgflinewidth=\dimen262
)
(C:\Users\Irlanda Ramos\Documents\miktex\tex/generic/pgf/basiclayer\pgfcoretran
sformations.code.tex
File: pgfcoretransformations.code.tex 2023-01-15 v3.1.10 (3.1.10)
\pgf@pt@x=\dimen263
\pgf@pt@y=\dimen264
\pgf@pt@temp=\dimen265
)
(C:\Users\Irlanda Ramos\Documents\miktex\tex/generic/pgf/basiclayer\pgfcorequic
k.code.tex
File: pgfcorequick.code.tex 2023-01-15 v3.1.10 (3.1.10)
)
(C:\Users\Irlanda Ramos\Documents\miktex\tex/generic/pgf/basiclayer\pgfcoreobje
cts.code.tex
File: pgfcoreobjects.code.tex 2023-01-15 v3.1.10 (3.1.10)
)
(C:\Users\Irlanda Ramos\Documents\miktex\tex/generic/pgf/basiclayer\pgfcorepath
processing.code.tex
File: pgfcorepathprocessing.code.tex 2023-01-15 v3.1.10 (3.1.10)
)
(C:\Users\Irlanda Ramos\Documents\miktex\tex/generic/pgf/basiclayer\pgfcorearro
ws.code.tex
File: pgfcorearrows.code.tex 2023-01-15 v3.1.10 (3.1.10)
\pgfarrowsep=\dimen266
)
(C:\Users\Irlanda Ramos\Documents\miktex\tex/generic/pgf/basiclayer\pgfcoreshad
e.code.tex
File: pgfcoreshade.code.tex 2023-01-15 v3.1.10 (3.1.10)
\pgf@max=\dimen267
\pgf@sys@shading@range@num=\count303
\pgf@shadingcount=\count304
)
(C:\Users\Irlanda Ramos\Documents\miktex\tex/generic/pgf/basiclayer\pgfcoreimag
e.code.tex
File: pgfcoreimage.code.tex 2023-01-15 v3.1.10 (3.1.10)
)
(C:\Users\Irlanda Ramos\Documents\miktex\tex/generic/pgf/basiclayer\pgfcoreexte
rnal.code.tex
File: pgfcoreexternal.code.tex 2023-01-15 v3.1.10 (3.1.10)
\pgfexternal@startupbox=\box66
)
(C:\Users\Irlanda Ramos\Documents\miktex\tex/generic/pgf/basiclayer\pgfcorelaye
rs.code.tex
File: pgfcorelayers.code.tex 2023-01-15 v3.1.10 (3.1.10)
)
(C:\Users\Irlanda Ramos\Documents\miktex\tex/generic/pgf/basiclayer\pgfcoretran
sparency.code.tex
File: pgfcoretransparency.code.tex 2023-01-15 v3.1.10 (3.1.10)
)
(C:\Users\Irlanda Ramos\Documents\miktex\tex/generic/pgf/basiclayer\pgfcorepatt
erns.code.tex
File: pgfcorepatterns.code.tex 2023-01-15 v3.1.10 (3.1.10)
)
(C:\Users\Irlanda Ramos\Documents\miktex\tex/generic/pgf/basiclayer\pgfcorerdf.
code.tex
File: pgfcorerdf.code.tex 2023-01-15 v3.1.10 (3.1.10)
)))
(C:\Users\Irlanda Ramos\Documents\miktex\tex/latex/pgf/utilities\xxcolor.sty
Package: xxcolor 2003/10/24 ver 0.1
\XC@nummixins=\count305
\XC@countmixins=\count306
)
(C:\Users\Irlanda Ramos\Documents\miktex\tex/latex/base\atbegshi-ltx.sty
Package: atbegshi-ltx 2021/01/10 v1.0c Emulation of the original atbegshi
package with kernel methods
)
(C:\Users\Irlanda Ramos\Documents\miktex\tex/latex/hyperref\hyperref.sty
Package: hyperref 2024-07-10 v7.01j Hypertext links for LaTeX

(C:\Users\Irlanda Ramos\Documents\miktex\tex/latex/kvsetkeys\kvsetkeys.sty
Package: kvsetkeys 2022-10-05 v1.19 Key value parser (HO)
)
(C:\Users\Irlanda Ramos\Documents\miktex\tex/generic/kvdefinekeys\kvdefinekeys.
sty
Package: kvdefinekeys 2019-12-19 v1.6 Define keys (HO)
)
(C:\Users\Irlanda Ramos\Documents\miktex\tex/generic/pdfescape\pdfescape.sty
Package: pdfescape 2019/12/09 v1.15 Implements pdfTeX's escape features (HO)

(C:\Users\Irlanda Ramos\Documents\miktex\tex/generic/ltxcmds\ltxcmds.sty
Package: ltxcmds 2023-12-04 v1.26 LaTeX kernel commands for general use (HO)
)
(C:\Users\Irlanda Ramos\Documents\miktex\tex/generic/pdftexcmds\pdftexcmds.sty
Package: pdftexcmds 2020-06-27 v0.33 Utility functions of pdfTeX for LuaTeX (HO
)

(C:\Users\Irlanda Ramos\Documents\miktex\tex/generic/infwarerr\infwarerr.sty
Package: infwarerr 2019/12/03 v1.5 Providing info/warning/error messages (HO)
)
Package pdftexcmds Info: \pdf@primitive is available.
Package pdftexcmds Info: \pdf@ifprimitive is available.
Package pdftexcmds Info: \pdfdraftmode found.
)) (C:\Users\Irlanda Ramos\Documents\miktex\tex/latex/hycolor\hycolor.sty
Package: hycolor 2020-01-27 v1.10 Color options for hyperref/bookmark (HO)
)
(C:\Users\Irlanda Ramos\Documents\miktex\tex/latex/hyperref\nameref.sty
Package: nameref 2023-11-26 v2.56 Cross-referencing by name of section

(C:\Users\Irlanda Ramos\Documents\miktex\tex/latex/refcount\refcount.sty
Package: refcount 2019/12/15 v3.6 Data extraction from label references (HO)
)
(C:\Users\Irlanda Ramos\Documents\miktex\tex/generic/gettitlestring\gettitlestr
ing.sty
Package: gettitlestring 2019/12/15 v1.6 Cleanup title references (HO)

(C:\Users\Irlanda Ramos\Documents\miktex\tex/latex/kvoptions\kvoptions.sty
Package: kvoptions 2022-06-15 v3.15 Key value format for package options (HO)
))
\c@section@level=\count307
)
(C:\Users\Irlanda Ramos\Documents\miktex\tex/generic/stringenc\stringenc.sty
Package: stringenc 2019/11/29 v1.12 Convert strings between diff. encodings (HO
)
)
\@linkdim=\dimen268
\Hy@linkcounter=\count308
\Hy@pagecounter=\count309

(C:\Users\Irlanda Ramos\Documents\miktex\tex/latex/hyperref\pd1enc.def
File: pd1enc.def 2024-07-10 v7.01j Hyperref: PDFDocEncoding definition (HO)
Now handling font encoding PD1 ...
... no UTF-8 mapping file for font encoding PD1
)
(C:\Users\Irlanda Ramos\Documents\miktex\tex/generic/intcalc\intcalc.sty
Package: intcalc 2019/12/15 v1.3 Expandable calculations with integers (HO)
)
\Hy@SavedSpaceFactor=\count310

(C:\Users\Irlanda Ramos\Documents\miktex\tex/latex/hyperref\puenc.def
File: puenc.def 2024-07-10 v7.01j Hyperref: PDF Unicode definition (HO)
Now handling font encoding PU ...
... no UTF-8 mapping file for font encoding PU
)
Package hyperref Info: Option `bookmarks' set `true' on input line 4040.
Package hyperref Info: Option `bookmarksopen' set `true' on input line 4040.
Package hyperref Info: Option `implicit' set `false' on input line 4040.
Package hyperref Info: Hyper figures OFF on input line 4157.
Package hyperref Info: Link nesting OFF on input line 4162.
Package hyperref Info: Hyper index ON on input line 4165.
Package hyperref Info: Plain pages OFF on input line 4172.
Package hyperref Info: Backreferencing OFF on input line 4177.
Package hyperref Info: Implicit mode OFF; no redefinition of LaTeX internals.
Package hyperref Info: Bookmarks ON on input line 4424.
\c@Hy@tempcnt=\count311

(C:\Users\Irlanda Ramos\Documents\miktex\tex/latex/url\url.sty
\Urlmuskip=\muskip17
Package: url 2013/09/16  ver 3.4  Verb mode for urls, etc.
)
LaTeX Info: Redefining \url on input line 4763.
\XeTeXLinkMargin=\dimen269

(C:\Users\Irlanda Ramos\Documents\miktex\tex/generic/bitset\bitset.sty
Package: bitset 2019/12/09 v1.3 Handle bit-vector datatype (HO)

(C:\Users\Irlanda Ramos\Documents\miktex\tex/generic/bigintcalc\bigintcalc.sty
Package: bigintcalc 2019/12/15 v1.5 Expandable calculations on big integers (HO
)
))
\Fld@menulength=\count312
\Field@Width=\dimen270
\Fld@charsize=\dimen271
Package hyperref Info: Hyper figures OFF on input line 6042.
Package hyperref Info: Link nesting OFF on input line 6047.
Package hyperref Info: Hyper index ON on input line 6050.
Package hyperref Info: backreferencing OFF on input line 6057.
Package hyperref Info: Link coloring OFF on input line 6062.
Package hyperref Info: Link coloring with OCG OFF on input line 6067.
Package hyperref Info: PDF/A mode OFF on input line 6072.
\Hy@abspage=\count313


Package hyperref Message: Stopped early.

)
Package hyperref Info: Driver (autodetected): hpdftex.
 (C:\Users\Irlanda Ramos\Documents\miktex\tex/latex/hyperref\hpdftex.def
File: hpdftex.def 2024-07-10 v7.01j Hyperref driver for pdfTeX

(C:\Users\Irlanda Ramos\Documents\miktex\tex/latex/base\atveryend-ltx.sty
Package: atveryend-ltx 2020/08/19 v1.0a Emulation of the original atveryend pac
kage
with kernel methods
)
\Fld@listcount=\count314
\c@bookmark@seq@number=\count315

(C:\Users\Irlanda Ramos\Documents\miktex\tex/latex/rerunfilecheck\rerunfilechec
k.sty
Package: rerunfilecheck 2022-07-10 v1.10 Rerun checks for auxiliary files (HO)

(C:\Users\Irlanda Ramos\Documents\miktex\tex/generic/uniquecounter\uniquecounte
r.sty
Package: uniquecounter 2019/12/15 v1.4 Provide unlimited unique counter (HO)
)
Package uniquecounter Info: New unique counter `rerunfilecheck' on input line 2
85.
))
(C:\Users\Irlanda Ramos\Documents\miktex\tex/latex/beamer\beamerbaserequires.st
y
(C:\Users\Irlanda Ramos\Documents\miktex\tex/latex/beamer\beamerbasecompatibili
ty.sty)
(C:\Users\Irlanda Ramos\Documents\miktex\tex/latex/beamer\beamerbasefont.sty
(C:\Users\Irlanda Ramos\Documents\miktex\tex/latex/amsfonts\amssymb.sty
Package: amssymb 2013/01/14 v3.01 AMS font symbols

(C:\Users\Irlanda Ramos\Documents\miktex\tex/latex/amsfonts\amsfonts.sty
Package: amsfonts 2013/01/14 v3.01 Basic AMSFonts support
\@emptytoks=\toks29
\symAMSa=\mathgroup4
\symAMSb=\mathgroup5
LaTeX Font Info:    Redeclaring math symbol \hbar on input line 98.
LaTeX Font Info:    Overwriting math alphabet `\mathfrak' in version `bold'
(Font)                  U/euf/m/n --> U/euf/b/n on input line 106.
))
(C:\Users\Irlanda Ramos\Documents\miktex\tex/latex/sansmathaccent\sansmathaccen
t.sty
Package: sansmathaccent 2020/01/31

(C:\Users\Irlanda Ramos\Documents\miktex\tex/latex/koma-script\scrlfile.sty
Package: scrlfile 2023/07/07 v3.41 KOMA-Script package (file load hooks)

(C:\Users\Irlanda Ramos\Documents\miktex\tex/latex/koma-script\scrlfile-hook.st
y
Package: scrlfile-hook 2023/07/07 v3.41 KOMA-Script package (using LaTeX hooks)

 (C:\Users\Irlanda Ramos\Documents\miktex\tex/latex/koma-script\scrlogo.sty
Package: scrlogo 2023/07/07 v3.41 KOMA-Script package (logo)
)))))
(C:\Users\Irlanda Ramos\Documents\miktex\tex/latex/beamer\beamerbasetranslator.
sty
(C:\Users\Irlanda Ramos\Documents\miktex\tex/latex/translator\translator.sty
Package: translator 2021-05-31 v1.12d Easy translation of strings in LaTeX
))
(C:\Users\Irlanda Ramos\Documents\miktex\tex/latex/beamer\beamerbasemisc.sty)
(C:\Users\Irlanda Ramos\Documents\miktex\tex/latex/beamer\beamerbasetwoscreens.
sty)
(C:\Users\Irlanda Ramos\Documents\miktex\tex/latex/beamer\beamerbaseoverlay.sty
\beamer@argscount=\count316
\beamer@lastskipcover=\skip52
\beamer@trivlistdepth=\count317
) (C:\Users\Irlanda Ramos\Documents\miktex\tex/latex/beamer\beamerbasetitle.sty
)
(C:\Users\Irlanda Ramos\Documents\miktex\tex/latex/beamer\beamerbasesection.sty
\c@lecture=\count318
\c@part=\count319
\c@section=\count320
\c@subsection=\count321
\c@subsubsection=\count322
) (C:\Users\Irlanda Ramos\Documents\miktex\tex/latex/beamer\beamerbaseframe.sty
\beamer@framebox=\box67
\beamer@frametitlebox=\box68
\beamer@zoombox=\box69
\beamer@zoomcount=\count323
\beamer@zoomframecount=\count324
\beamer@frametextheight=\dimen272
\c@subsectionslide=\count325
\beamer@frametopskip=\skip53
\beamer@framebottomskip=\skip54
\beamer@frametopskipautobreak=\skip55
\beamer@framebottomskipautobreak=\skip56
\beamer@envbody=\toks30
\framewidth=\dimen273
\c@framenumber=\count326
)
(C:\Users\Irlanda Ramos\Documents\miktex\tex/latex/beamer\beamerbaseverbatim.st
y
\beamer@verbatimfileout=\write4
)
(C:\Users\Irlanda Ramos\Documents\miktex\tex/latex/beamer\beamerbaseframesize.s
ty
\beamer@splitbox=\box70
\beamer@autobreakcount=\count327
\beamer@autobreaklastheight=\dimen274
\beamer@frametitletoks=\toks31
\beamer@framesubtitletoks=\toks32
)
(C:\Users\Irlanda Ramos\Documents\miktex\tex/latex/beamer\beamerbaseframecompon
ents.sty
\beamer@footins=\box71
)
(C:\Users\Irlanda Ramos\Documents\miktex\tex/latex/beamer\beamerbasecolor.sty)
(C:\Users\Irlanda Ramos\Documents\miktex\tex/latex/beamer\beamerbasenotes.sty
\beamer@frameboxcopy=\box72
)
(C:\Users\Irlanda Ramos\Documents\miktex\tex/latex/beamer\beamerbasetoc.sty)
(C:\Users\Irlanda Ramos\Documents\miktex\tex/latex/beamer\beamerbasetemplates.s
ty
\beamer@sbttoks=\toks33

(C:\Users\Irlanda Ramos\Documents\miktex\tex/latex/beamer\beamerbaseauxtemplate
s.sty
(C:\Users\Irlanda Ramos\Documents\miktex\tex/latex/beamer\beamerbaseboxes.sty
\bmb@box=\box73
\bmb@colorbox=\box74
\bmb@boxwidth=\dimen275
\bmb@boxheight=\dimen276
\bmb@prevheight=\dimen277
\bmb@temp=\dimen278
\bmb@dima=\dimen279
\bmb@dimb=\dimen280
\bmb@prevheight=\dimen281
)
\beamer@blockheadheight=\dimen282
))
(C:\Users\Irlanda Ramos\Documents\miktex\tex/latex/beamer\beamerbaselocalstruct
ure.sty (C:\Users\Irlanda Ramos\Documents\miktex\tex/latex/tools\enumerate.sty
Package: enumerate 2023/07/04 v3.00 enumerate extensions (DPC)
\@enLab=\toks34
)
\beamer@bibiconwidth=\skip57
\c@figure=\count328
\c@table=\count329
\abovecaptionskip=\skip58
\belowcaptionskip=\skip59
)
(C:\Users\Irlanda Ramos\Documents\miktex\tex/latex/beamer\beamerbasenavigation.
sty
(C:\Users\Irlanda Ramos\Documents\miktex\tex/latex/beamer\beamerbasenavigations
ymbols.tex)
\beamer@section@min@dim=\dimen283
)
(C:\Users\Irlanda Ramos\Documents\miktex\tex/latex/beamer\beamerbasetheorems.st
y (C:\Users\Irlanda Ramos\Documents\miktex\tex/latex/amsmath\amsmath.sty
Package: amsmath 2024/05/23 v2.17q AMS math features
\@mathmargin=\skip60

For additional information on amsmath, use the `?' option.
(C:\Users\Irlanda Ramos\Documents\miktex\tex/latex/amsmath\amstext.sty
Package: amstext 2021/08/26 v2.01 AMS text

(C:\Users\Irlanda Ramos\Documents\miktex\tex/latex/amsmath\amsgen.sty
File: amsgen.sty 1999/11/30 v2.0 generic functions
\@emptytoks=\toks35
\ex@=\dimen284
))
(C:\Users\Irlanda Ramos\Documents\miktex\tex/latex/amsmath\amsbsy.sty
Package: amsbsy 1999/11/29 v1.2d Bold Symbols
\pmbraise@=\dimen285
)
(C:\Users\Irlanda Ramos\Documents\miktex\tex/latex/amsmath\amsopn.sty
Package: amsopn 2022/04/08 v2.04 operator names
)
\inf@bad=\count330
LaTeX Info: Redefining \frac on input line 233.
\uproot@=\count331
\leftroot@=\count332
LaTeX Info: Redefining \overline on input line 398.
LaTeX Info: Redefining \colon on input line 409.
\classnum@=\count333
\DOTSCASE@=\count334
LaTeX Info: Redefining \ldots on input line 495.
LaTeX Info: Redefining \dots on input line 498.
LaTeX Info: Redefining \cdots on input line 619.
\Mathstrutbox@=\box75
\strutbox@=\box76
LaTeX Info: Redefining \big on input line 721.
LaTeX Info: Redefining \Big on input line 722.
LaTeX Info: Redefining \bigg on input line 723.
LaTeX Info: Redefining \Bigg on input line 724.
\big@size=\dimen286
LaTeX Font Info:    Redeclaring font encoding OML on input line 742.
LaTeX Font Info:    Redeclaring font encoding OMS on input line 743.
\macc@depth=\count335
LaTeX Info: Redefining \bmod on input line 904.
LaTeX Info: Redefining \pmod on input line 909.
LaTeX Info: Redefining \smash on input line 939.
LaTeX Info: Redefining \relbar on input line 969.
LaTeX Info: Redefining \Relbar on input line 970.
\c@MaxMatrixCols=\count336
\dotsspace@=\muskip18
\c@parentequation=\count337
\dspbrk@lvl=\count338
\tag@help=\toks36
\row@=\count339
\column@=\count340
\maxfields@=\count341
\andhelp@=\toks37
\eqnshift@=\dimen287
\alignsep@=\dimen288
\tagshift@=\dimen289
\tagwidth@=\dimen290
\totwidth@=\dimen291
\lineht@=\dimen292
\@envbody=\toks38
\multlinegap=\skip61
\multlinetaggap=\skip62
\mathdisplay@stack=\toks39
LaTeX Info: Redefining \[ on input line 2953.
LaTeX Info: Redefining \] on input line 2954.
)
(C:\Users\Irlanda Ramos\Documents\miktex\tex/latex/amscls\amsthm.sty
Package: amsthm 2020/05/29 v2.20.6
\thm@style=\toks40
\thm@bodyfont=\toks41
\thm@headfont=\toks42
\thm@notefont=\toks43
\thm@headpunct=\toks44
\thm@preskip=\skip63
\thm@postskip=\skip64
\thm@headsep=\skip65
\dth@everypar=\toks45
)
\c@theorem=\count342
)
(C:\Users\Irlanda Ramos\Documents\miktex\tex/latex/beamer\beamerbasethemes.sty)
)
(C:\Users\Irlanda Ramos\Documents\miktex\tex/latex/beamer\beamerthemedefault.st
y
(C:\Users\Irlanda Ramos\Documents\miktex\tex/latex/beamer\beamerfontthemedefaul
t.sty)
(C:\Users\Irlanda Ramos\Documents\miktex\tex/latex/beamer\beamercolorthemedefau
lt.sty)
(C:\Users\Irlanda Ramos\Documents\miktex\tex/latex/beamer\beamerinnerthemedefau
lt.sty
\beamer@dima=\dimen293
\beamer@dimb=\dimen294
)
(C:\Users\Irlanda Ramos\Documents\miktex\tex/latex/beamer\beamerouterthemedefau
lt.sty))) (C:\Users\Irlanda Ramos\Documents\miktex\tex/generic/babel\babel.sty
Package: babel 2024/08/29 v24.9 The Babel package
\babel@savecnt=\count343
\U@D=\dimen295
\l@unhyphenated=\language79

(C:\Users\Irlanda Ramos\Documents\miktex\tex/generic/babel\txtbabel.def)
\bbl@readstream=\read3
LaTeX Info: Redefining \textlatin on input line 3933.
\bbl@dirlevel=\count344

*************************************
* Local config file bblopts.cfg used
*
(C:\Users\Irlanda Ramos\Documents\miktex\tex/latex/arabi\bblopts.cfg
File: bblopts.cfg 2005/09/08 v0.1 add Arabic and Farsi to "declared" options of
 babel
)
(C:\Users\Irlanda Ramos\Documents\miktex\tex/latex/babel-spanish\spanish.ldf
Language: spanish.ldf 2021/05/27 v5.0q Spanish support from the babel system
\es@quottoks=\toks46
\es@quotdepth=\count345
Package babel Info: Making " an active character on input line 570.
))
(C:\Users\Irlanda Ramos\Documents\miktex\tex/generic/babel/locale/es\babel-span
ish.tex
Package babel Info: Importing font and identification data for spanish
(babel)             from babel-es.ini. Reported on input line 11.
) (C:\Users\Irlanda Ramos\Documents\miktex\tex/latex/comment\comment.sty
\CommentStream=\write5
Excluding comment 'comment')
(C:\Users\Irlanda Ramos\Documents\miktex\tex/latex/caption\subcaption.sty
Package: subcaption 2023/07/28 v1.6b Sub-captions (AR)

(C:\Users\Irlanda Ramos\Documents\miktex\tex/latex/caption\caption.sty
Package: caption 2023/08/05 v3.6o Customizing captions (AR)

(C:\Users\Irlanda Ramos\Documents\miktex\tex/latex/caption\caption3.sty
Package: caption3 2023/07/31 v2.4d caption3 kernel (AR)
\caption@tempdima=\dimen296
\captionmargin=\dimen297
\caption@leftmargin=\dimen298
\caption@rightmargin=\dimen299
\caption@width=\dimen300
\caption@indent=\dimen301
\caption@parindent=\dimen302
\caption@hangindent=\dimen303
Package caption Info: beamer document class detected.

(C:\Users\Irlanda Ramos\Documents\miktex\tex/latex/caption\caption-beamer.sto
File: caption-beamer.sto 2022/01/06 v2.0c Adaption of the caption package to th
e beamer document classes (AR)
))
\c@caption@flags=\count346
\c@continuedfloat=\count347
Package caption Info: hyperref package is loaded.
Package caption Info: Hyperref support is turned off
(caption)             because hyperref has stopped early.
)
Package caption Info: New subtype `subfigure' on input line 238.
\c@subfigure=\count348
Package caption Info: New subtype `subtable' on input line 238.
\c@subtable=\count349
) (C:\Users\Irlanda Ramos\Documents\miktex\tex/latex/float\float.sty
Package: float 2001/11/08 v1.3d Float enhancements (AL)
\c@float@type=\count350
\float@exts=\toks47
\float@box=\box77
\@float@everytoks=\toks48
\@floatcapt=\box78
)
(C:\Users\Irlanda Ramos\Documents\miktex\tex/latex/pdflscape\pdflscape.sty
Package: pdflscape 2022-10-27 v0.13 Display of landscape pages in PDF

(C:\Users\Irlanda Ramos\Documents\miktex\tex/latex/pdflscape\pdflscape-nometada
ta.sty
Package: pdflscape-nometadata 2022-10-28 v0.13 Display of landscape pages in PD
F (HO)
 (C:\Users\Irlanda Ramos\Documents\miktex\tex/latex/graphics\lscape.sty
Package: lscape 2020/05/28 v3.02 Landscape Pages (DPC)
)
Package pdflscape Info: Auto-detected driver: pdftex on input line 81.
)) (C:\Users\Irlanda Ramos\Documents\miktex\tex/latex/colortbl\colortbl.sty
Package: colortbl 2024/07/06 v1.0i Color table columns (DPC)

(C:\Users\Irlanda Ramos\Documents\miktex\tex/latex/tools\array.sty
Package: array 2024/06/14 v2.6d Tabular extension package (FMi)
\col@sep=\dimen304
\ar@mcellbox=\box79
\extrarowheight=\dimen305
\NC@list=\toks49
\extratabsurround=\skip66
\backup@length=\skip67
\ar@cellbox=\box80
)
\everycr=\toks50
\minrowclearance=\skip68
\rownum=\count351
)

LaTeX Warning: Package "xcolor" has already been loaded: ignoring load-time
(LaTeX)        option "xcdraw".

(C:\Users\Irlanda Ramos\Documents\miktex\tex/latex/ragged2e\ragged2e.sty
Package: ragged2e 2023/06/22 v3.6 ragged2e Package
\CenteringLeftskip=\skip69
\RaggedLeftLeftskip=\skip70
\RaggedRightLeftskip=\skip71
\CenteringRightskip=\skip72
\RaggedLeftRightskip=\skip73
\RaggedRightRightskip=\skip74
\CenteringParfillskip=\skip75
\RaggedLeftParfillskip=\skip76
\RaggedRightParfillskip=\skip77
\JustifyingParfillskip=\skip78
\CenteringParindent=\skip79
\RaggedLeftParindent=\skip80
\RaggedRightParindent=\skip81
\JustifyingParindent=\skip82
)
(C:\Users\Irlanda Ramos\Documents\miktex\tex/latex/parskip\parskip.sty
Package: parskip 2021-03-14 v2.0h non-zero parskip adjustments
)
(C:\Users\Irlanda Ramos\Documents\miktex\tex/latex/beamer\beamerthemeCambridgeU
S.sty
(C:\Users\Irlanda Ramos\Documents\miktex\tex/latex/beamer\beamerinnerthemeround
ed.sty)
(C:\Users\Irlanda Ramos\Documents\miktex\tex/latex/beamer\beamerouterthemeinfol
ines.sty)
(C:\Users\Irlanda Ramos\Documents\miktex\tex/latex/beamer\beamercolorthemebeave
r.sty))
(C:\Users\Irlanda Ramos\Documents\miktex\tex/latex/transparent\transparent.sty
Package: transparent 2022-10-27 v1.5 Transparency with color stacks

(C:\Users\Irlanda Ramos\Documents\miktex\tex/latex/transparent\transparent-nome
tadata.sty
Package: transparent-nometadata 2022-10-27 v1.5 Transparency via pdfTeX's color
 stack (HO)

(C:\Users\Irlanda Ramos\Documents\miktex\tex/latex/auxhook\auxhook.sty
Package: auxhook 2019-12-17 v1.6 Hooks for auxiliary files (HO)
)))
(C:\Users\Irlanda Ramos\Documents\miktex\tex/latex/eso-pic\eso-pic.sty
Package: eso-pic 2023/05/03 v3.0c eso-pic (RN)
\ESO@tempdima=\dimen306
\ESO@tempdimb=\dimen307
)

Package hyperref Warning: Token not allowed in a PDF string (Unicode):
(hyperref)                removing `\\' on input line 18.


Package hyperref Warning: Token not allowed in a PDF string (Unicode):
(hyperref)                removing `\\' on input line 18.


Package hyperref Warning: Token not allowed in a PDF string (Unicode):
(hyperref)                removing `\\' on input line 18.


(C:\Users\Irlanda Ramos\Documents\miktex\tex/latex/l3backend\l3backend-pdftex.d
ef
File: l3backend-pdftex.def 2024-05-08 L3 backend support: PDF output (pdfTeX)
\l__color_backend_stack_int=\count352
\l__pdf_internal_box=\box81
) (programacion concurrente.aux
LaTeX Info: Redefining \. on input line 10.
LaTeX Info: Redefining \% on input line 10.
)
\openout1 = `"programacion concurrente.aux"'.

LaTeX Font Info:    Checking defaults for OML/cmm/m/it on input line 26.
LaTeX Font Info:    ... okay on input line 26.
LaTeX Font Info:    Checking defaults for OMS/cmsy/m/n on input line 26.
LaTeX Font Info:    ... okay on input line 26.
LaTeX Font Info:    Checking defaults for OT1/cmr/m/n on input line 26.
LaTeX Font Info:    ... okay on input line 26.
LaTeX Font Info:    Checking defaults for T1/cmr/m/n on input line 26.
LaTeX Font Info:    ... okay on input line 26.
LaTeX Font Info:    Checking defaults for TS1/cmr/m/n on input line 26.
LaTeX Font Info:    ... okay on input line 26.
LaTeX Font Info:    Checking defaults for OMX/cmex/m/n on input line 26.
LaTeX Font Info:    ... okay on input line 26.
LaTeX Font Info:    Checking defaults for U/cmr/m/n on input line 26.
LaTeX Font Info:    ... okay on input line 26.
LaTeX Font Info:    Checking defaults for PD1/pdf/m/n on input line 26.
LaTeX Font Info:    ... okay on input line 26.
LaTeX Font Info:    Checking defaults for PU/pdf/m/n on input line 26.
LaTeX Font Info:    ... okay on input line 26.

*geometry* driver: auto-detecting
*geometry* detected driver: pdftex
*geometry* verbose mode - [ preamble ] result:
* driver: pdftex
* paper: custom
* layout: <same size as paper>
* layoutoffset:(h,v)=(0.0pt,0.0pt)
* modes: includehead includefoot 
* h-part:(L,W,R)=(10.95003pt, 342.2953pt, 10.95003pt)
* v-part:(T,H,B)=(0.0pt, 273.14662pt, 0.0pt)
* \paperwidth=364.19536pt
* \paperheight=273.14662pt
* \textwidth=342.2953pt
* \textheight=244.6939pt
* \oddsidemargin=-61.31996pt
* \evensidemargin=-61.31996pt
* \topmargin=-72.26999pt
* \headheight=14.22636pt
* \headsep=0.0pt
* \topskip=11.0pt
* \footskip=14.22636pt
* \marginparwidth=4.0pt
* \marginparsep=10.0pt
* \columnsep=10.0pt
* \skip\footins=10.0pt plus 4.0pt minus 2.0pt
* \hoffset=0.0pt
* \voffset=0.0pt
* \mag=1000
* \@twocolumnfalse
* \@twosidefalse
* \@mparswitchfalse
* \@reversemarginfalse
* (1in=72.27pt=25.4mm, 1cm=28.453pt)

(C:\Users\Irlanda Ramos\Documents\miktex\tex/context/base/mkii\supp-pdf.mkii
[Loading MPS to PDF converter (version 2006.09.02).]
\scratchcounter=\count353
\scratchdimen=\dimen308
\scratchbox=\box82
\nofMPsegments=\count354
\nofMParguments=\count355
\everyMPshowfont=\toks51
\MPscratchCnt=\count356
\MPscratchDim=\dimen309
\MPnumerator=\count357
\makeMPintoPDFobject=\count358
\everyMPtoPDFconversion=\toks52
)
(C:\Users\Irlanda Ramos\Documents\miktex\tex/latex/epstopdf-pkg\epstopdf-base.s
ty
Package: epstopdf-base 2020-01-24 v2.11 Base part for package epstopdf
Package epstopdf-base Info: Redefining graphics rule for `.eps' on input line 4
85.
 (C:\Users\Irlanda Ramos\Documents\miktex\tex/latex/00miktex\epstopdf-sys.cfg
File: epstopdf-sys.cfg 2021/03/18 v2.0 Configuration of epstopdf for MiKTeX
))
Package hyperref Info: Link coloring OFF on input line 26.
 (programacion concurrente.out) (programacion concurrente.out)
\@outlinefile=\write6
\openout6 = `"programacion concurrente.out"'.

LaTeX Font Info:    Overwriting symbol font `operators' in version `normal'
(Font)                  OT1/cmr/m/n --> OT1/cmss/m/n on input line 26.
LaTeX Font Info:    Overwriting symbol font `operators' in version `bold'
(Font)                  OT1/cmr/bx/n --> OT1/cmss/b/n on input line 26.
\symnumbers=\mathgroup6
\sympureletters=\mathgroup7
LaTeX Font Info:    Overwriting math alphabet `\mathrm' in version `normal'
(Font)                  OT1/cmss/m/n --> OT1/cmr/m/n on input line 26.
LaTeX Font Info:    Redeclaring math alphabet \mathbf on input line 26.
LaTeX Font Info:    Overwriting math alphabet `\mathbf' in version `normal'
(Font)                  OT1/cmr/bx/n --> OT1/cmss/b/n on input line 26.
LaTeX Font Info:    Overwriting math alphabet `\mathbf' in version `bold'
(Font)                  OT1/cmr/bx/n --> OT1/cmss/b/n on input line 26.
LaTeX Font Info:    Redeclaring math alphabet \mathsf on input line 26.
LaTeX Font Info:    Overwriting math alphabet `\mathsf' in version `normal'
(Font)                  OT1/cmss/m/n --> OT1/cmss/m/n on input line 26.
LaTeX Font Info:    Overwriting math alphabet `\mathsf' in version `bold'
(Font)                  OT1/cmss/bx/n --> OT1/cmss/m/n on input line 26.
LaTeX Font Info:    Redeclaring math alphabet \mathit on input line 26.
LaTeX Font Info:    Overwriting math alphabet `\mathit' in version `normal'
(Font)                  OT1/cmr/m/it --> OT1/cmss/m/it on input line 26.
LaTeX Font Info:    Overwriting math alphabet `\mathit' in version `bold'
(Font)                  OT1/cmr/bx/it --> OT1/cmss/m/it on input line 26.
LaTeX Font Info:    Redeclaring math alphabet \mathtt on input line 26.
LaTeX Font Info:    Overwriting math alphabet `\mathtt' in version `normal'
(Font)                  OT1/cmtt/m/n --> OT1/cmtt/m/n on input line 26.
LaTeX Font Info:    Overwriting math alphabet `\mathtt' in version `bold'
(Font)                  OT1/cmtt/m/n --> OT1/cmtt/m/n on input line 26.
LaTeX Font Info:    Overwriting symbol font `numbers' in version `bold'
(Font)                  OT1/cmss/m/n --> OT1/cmss/b/n on input line 26.
LaTeX Font Info:    Overwriting symbol font `pureletters' in version `bold'
(Font)                  OT1/cmss/m/it --> OT1/cmss/b/it on input line 26.
LaTeX Font Info:    Overwriting math alphabet `\mathrm' in version `bold'
(Font)                  OT1/cmss/b/n --> OT1/cmr/b/n on input line 26.
LaTeX Font Info:    Overwriting math alphabet `\mathbf' in version `bold'
(Font)                  OT1/cmss/b/n --> OT1/cmss/b/n on input line 26.
LaTeX Font Info:    Overwriting math alphabet `\mathsf' in version `bold'
(Font)                  OT1/cmss/m/n --> OT1/cmss/b/n on input line 26.
LaTeX Font Info:    Overwriting math alphabet `\mathit' in version `bold'
(Font)                  OT1/cmss/m/it --> OT1/cmss/b/it on input line 26.
LaTeX Font Info:    Overwriting math alphabet `\mathtt' in version `bold'
(Font)                  OT1/cmtt/m/n --> OT1/cmtt/b/n on input line 26.
LaTeX Font Info:    Redeclaring symbol font `pureletters' on input line 26.
LaTeX Font Info:    Overwriting symbol font `pureletters' in version `normal'
(Font)                  OT1/cmss/m/it --> OT1/mathkerncmss/m/sl on input line 2
6.
LaTeX Font Info:    Overwriting symbol font `pureletters' in version `bold'
(Font)                  OT1/cmss/b/it --> OT1/mathkerncmss/m/sl on input line 2
6.
LaTeX Font Info:    Overwriting symbol font `pureletters' in version `bold'
(Font)                  OT1/mathkerncmss/m/sl --> OT1/mathkerncmss/bx/sl on inp
ut line 26.

(C:\Users\Irlanda Ramos\Documents\miktex\tex/latex/translator\translator-basic-
dictionary-English.dict
Dictionary: translator-basic-dictionary, Language: English 
)
(C:\Users\Irlanda Ramos\Documents\miktex\tex/latex/translator\translator-biblio
graphy-dictionary-English.dict
Dictionary: translator-bibliography-dictionary, Language: English 
)
(C:\Users\Irlanda Ramos\Documents\miktex\tex/latex/translator\translator-enviro
nment-dictionary-English.dict
Dictionary: translator-environment-dictionary, Language: English 
)
(C:\Users\Irlanda Ramos\Documents\miktex\tex/latex/translator\translator-months
-dictionary-English.dict
Dictionary: translator-months-dictionary, Language: English 
)
(C:\Users\Irlanda Ramos\Documents\miktex\tex/latex/translator\translator-number
s-dictionary-English.dict
Dictionary: translator-numbers-dictionary, Language: English 
)
(C:\Users\Irlanda Ramos\Documents\miktex\tex/latex/translator\translator-theore
m-dictionary-English.dict
Dictionary: translator-theorem-dictionary, Language: English 
)
LaTeX Info: Redefining \. on input line 26.
LaTeX Info: Redefining \% on input line 26.
Package caption Info: Begin \AtBeginDocument code.
Package caption Info: float package is loaded.
Package caption Info: End \AtBeginDocument code.
 (programacion concurrente.nav)
Overfull \hbox (164.42767pt too wide) in paragraph at lines 26--26
 [][]  \OT1/cmss/m/n/6 ([])  
 []


Overfull \hbox (164.42767pt too wide) in paragraph at lines 39--39
 [][]  \OT1/cmss/m/n/6 ([])  
 []

<logo_unam.jpg, id=38, 301.125pt x 301.125pt>
File: logo_unam.jpg Graphic file (type jpg)
<use logo_unam.jpg>
Package pdftex.def Info: logo_unam.jpg  used on input line 39.
(pdftex.def)             Requested size: 77.01591pt x 77.01329pt.
LaTeX Font Info:    Trying to load font information for U+msa on input line 39.

(C:\Users\Irlanda Ramos\Documents\miktex\tex/latex/amsfonts\umsa.fd
File: umsa.fd 2013/01/14 v3.01 AMS symbols A
)
LaTeX Font Info:    Trying to load font information for U+msb on input line 39.


(C:\Users\Irlanda Ramos\Documents\miktex\tex/latex/amsfonts\umsb.fd
File: umsb.fd 2013/01/14 v3.01 AMS symbols B
)
LaTeX Font Info:    Trying to load font information for OT1+mathkerncmss on inp
ut line 39.

(C:\Users\Irlanda Ramos\Documents\miktex\tex/latex/sansmathaccent\ot1mathkerncm
ss.fd
File: ot1mathkerncmss.fd 2020/01/31 Fontinst v1.933 font definitions for OT1/ma
thkerncmss.
)
<escudo_fciencias.png, id=39, 1204.5pt x 1376.14125pt>
File: escudo_fciencias.png Graphic file (type png)
<use escudo_fciencias.png>
Package pdftex.def Info: escudo_fciencias.png  used on input line 39.
(pdftex.def)             Requested size: 77.01591pt x 87.98244pt.


! Missing \endcsname inserted.
<to be read again> 
                   \paperheight 
l.39 \end{frame}
                
The control sequence marked <to be read again> should
not appear between \csname and \endcsname.

! Missing number, treated as zero.
<to be read again> 
                   \endcsname 
l.39 \end{frame}
                
A number should have been here; I inserted `0'.
(If you can't figure out why I needed to see a number,
look up `weird error' in the index to The TeXbook.)

! Illegal unit of measure (pt inserted).
<to be read again> 
                   \endcsname 
l.39 \end{frame}
                
Dimensions can be in units of em, ex, in, pt, pc,
cm, mm, dd, cc, nd, nc, bp, or sp; but yours is a new one!
I'll assume that you meant to say pt, for printer's points.
To recover gracefully from this error, it's best to
delete the erroneous units; e.g., type `2' to delete
two letters. (See Chapter 27 of The TeXbook.)

! Extra \endcsname.
<recently read> \endcsname 
                           
l.39 \end{frame}
                
I'm ignoring this, since I wasn't doing a \csname.


! Package keyval Error: keepaspectratio \paperheight  undefined.

See the keyval package documentation for explanation.
Type  H <return>  for immediate help.
 ...                                              
                                                  
l.39 \end{frame}
                
Try typing  <return>  to proceed.
If that doesn't work, type  X <return>  to quit.

File: escudo_fciencias.png Graphic file (type png)
<use escudo_fciencias.png>
Package pdftex.def Info: escudo_fciencias.png  used on input line 39.
(pdftex.def)             Requested size: 364.20155pt x 0.0pt.
[1

{C:/Users/Irlanda Ramos/AppData/Local/MiKTeX/fonts/map/pdftex/pdftex.map} <./es
cudo_fciencias.png> <./logo_unam.jpg>]
Overfull \hbox (164.42767pt too wide) in paragraph at lines 44--44
 [][]  \OT1/cmss/m/n/6 ([])  
 []

(programacion concurrente.toc
LaTeX Info: Redefining \. on input line 1.
LaTeX Info: Redefining \% on input line 1.
)

! Missing \endcsname inserted.
<to be read again> 
                   \paperheight 
l.44 \end{frame}
                
The control sequence marked <to be read again> should
not appear between \csname and \endcsname.

! Missing number, treated as zero.
<to be read again> 
                   \endcsname 
l.44 \end{frame}
                
A number should have been here; I inserted `0'.
(If you can't figure out why I needed to see a number,
look up `weird error' in the index to The TeXbook.)

! Illegal unit of measure (pt inserted).
<to be read again> 
                   \endcsname 
l.44 \end{frame}
                
Dimensions can be in units of em, ex, in, pt, pc,
cm, mm, dd, cc, nd, nc, bp, or sp; but yours is a new one!
I'll assume that you meant to say pt, for printer's points.
To recover gracefully from this error, it's best to
delete the erroneous units; e.g., type `2' to delete
two letters. (See Chapter 27 of The TeXbook.)

! Extra \endcsname.
<recently read> \endcsname 
                           
l.44 \end{frame}
                
I'm ignoring this, since I wasn't doing a \csname.


! Package keyval Error: keepaspectratio \paperheight  undefined.

See the keyval package documentation for explanation.
Type  H <return>  for immediate help.
 ...                                              
                                                  
l.44 \end{frame}
                
Try typing  <return>  to proceed.
If that doesn't work, type  X <return>  to quit.

File: escudo_fciencias.png Graphic file (type png)
<use escudo_fciencias.png>
Package pdftex.def Info: escudo_fciencias.png  used on input line 44.
(pdftex.def)             Requested size: 364.20155pt x 0.0pt.

Overfull \hbox (164.42767pt too wide) has occurred while \output is active
 [][]  \OT1/cmss/m/n/6 ([])  
 []

[2

]
Overfull \hbox (164.42767pt too wide) in paragraph at lines 65--65
 [][]  \OT1/cmss/m/n/6 ([])  
 []



! Missing \endcsname inserted.
<to be read again> 
                   \paperheight 
l.65 \end{frame}
                
The control sequence marked <to be read again> should
not appear between \csname and \endcsname.

! Missing number, treated as zero.
<to be read again> 
                   \endcsname 
l.65 \end{frame}
                
A number should have been here; I inserted `0'.
(If you can't figure out why I needed to see a number,
look up `weird error' in the index to The TeXbook.)

! Illegal unit of measure (pt inserted).
<to be read again> 
                   \endcsname 
l.65 \end{frame}
                
Dimensions can be in units of em, ex, in, pt, pc,
cm, mm, dd, cc, nd, nc, bp, or sp; but yours is a new one!
I'll assume that you meant to say pt, for printer's points.
To recover gracefully from this error, it's best to
delete the erroneous units; e.g., type `2' to delete
two letters. (See Chapter 27 of The TeXbook.)

! Extra \endcsname.
<recently read> \endcsname 
                           
l.65 \end{frame}
                
I'm ignoring this, since I wasn't doing a \csname.


! Package keyval Error: keepaspectratio \paperheight  undefined.

See the keyval package documentation for explanation.
Type  H <return>  for immediate help.
 ...                                              
                                                  
l.65 \end{frame}
                
Try typing  <return>  to proceed.
If that doesn't work, type  X <return>  to quit.

File: escudo_fciencias.png Graphic file (type png)
<use escudo_fciencias.png>
Package pdftex.def Info: escudo_fciencias.png  used on input line 65.
(pdftex.def)             Requested size: 364.20155pt x 0.0pt.

Overfull \hbox (164.42767pt too wide) has occurred while \output is active
 [][]  \OT1/cmss/m/n/6 ([])  
 []

[3

]

! Missing \endcsname inserted.
<to be read again> 
                   \paperheight 
l.65 \end{frame}
                
The control sequence marked <to be read again> should
not appear between \csname and \endcsname.

! Missing number, treated as zero.
<to be read again> 
                   \endcsname 
l.65 \end{frame}
                
A number should have been here; I inserted `0'.
(If you can't figure out why I needed to see a number,
look up `weird error' in the index to The TeXbook.)

! Illegal unit of measure (pt inserted).
<to be read again> 
                   \endcsname 
l.65 \end{frame}
                
Dimensions can be in units of em, ex, in, pt, pc,
cm, mm, dd, cc, nd, nc, bp, or sp; but yours is a new one!
I'll assume that you meant to say pt, for printer's points.
To recover gracefully from this error, it's best to
delete the erroneous units; e.g., type `2' to delete
two letters. (See Chapter 27 of The TeXbook.)

! Extra \endcsname.
<recently read> \endcsname 
                           
l.65 \end{frame}
                
I'm ignoring this, since I wasn't doing a \csname.


! Package keyval Error: keepaspectratio \paperheight  undefined.

See the keyval package documentation for explanation.
Type  H <return>  for immediate help.
 ...                                              
                                                  
l.65 \end{frame}
                
Try typing  <return>  to proceed.
If that doesn't work, type  X <return>  to quit.

File: escudo_fciencias.png Graphic file (type png)
<use escudo_fciencias.png>
Package pdftex.def Info: escudo_fciencias.png  used on input line 65.
(pdftex.def)             Requested size: 364.20155pt x 0.0pt.

Overfull \hbox (164.42767pt too wide) has occurred while \output is active
 [][]  \OT1/cmss/m/n/6 ([])  
 []

[4

]

! Missing \endcsname inserted.
<to be read again> 
                   \paperheight 
l.65 \end{frame}
                
The control sequence marked <to be read again> should
not appear between \csname and \endcsname.

! Missing number, treated as zero.
<to be read again> 
                   \endcsname 
l.65 \end{frame}
                
A number should have been here; I inserted `0'.
(If you can't figure out why I needed to see a number,
look up `weird error' in the index to The TeXbook.)

! Illegal unit of measure (pt inserted).
<to be read again> 
                   \endcsname 
l.65 \end{frame}
                
Dimensions can be in units of em, ex, in, pt, pc,
cm, mm, dd, cc, nd, nc, bp, or sp; but yours is a new one!
I'll assume that you meant to say pt, for printer's points.
To recover gracefully from this error, it's best to
delete the erroneous units; e.g., type `2' to delete
two letters. (See Chapter 27 of The TeXbook.)

! Extra \endcsname.
<recently read> \endcsname 
                           
l.65 \end{frame}
                
I'm ignoring this, since I wasn't doing a \csname.


! Package keyval Error: keepaspectratio \paperheight  undefined.

See the keyval package documentation for explanation.
Type  H <return>  for immediate help.
 ...                                              
                                                  
l.65 \end{frame}
                
Try typing  <return>  to proceed.
If that doesn't work, type  X <return>  to quit.

File: escudo_fciencias.png Graphic file (type png)
<use escudo_fciencias.png>
Package pdftex.def Info: escudo_fciencias.png  used on input line 65.
(pdftex.def)             Requested size: 364.20155pt x 0.0pt.

Overfull \hbox (164.42767pt too wide) has occurred while \output is active
 [][]  \OT1/cmss/m/n/6 ([])  
 []

[5

]

! Missing \endcsname inserted.
<to be read again> 
                   \paperheight 
l.65 \end{frame}
                
The control sequence marked <to be read again> should
not appear between \csname and \endcsname.

! Missing number, treated as zero.
<to be read again> 
                   \endcsname 
l.65 \end{frame}
                
A number should have been here; I inserted `0'.
(If you can't figure out why I needed to see a number,
look up `weird error' in the index to The TeXbook.)

! Illegal unit of measure (pt inserted).
<to be read again> 
                   \endcsname 
l.65 \end{frame}
                
Dimensions can be in units of em, ex, in, pt, pc,
cm, mm, dd, cc, nd, nc, bp, or sp; but yours is a new one!
I'll assume that you meant to say pt, for printer's points.
To recover gracefully from this error, it's best to
delete the erroneous units; e.g., type `2' to delete
two letters. (See Chapter 27 of The TeXbook.)

! Extra \endcsname.
<recently read> \endcsname 
                           
l.65 \end{frame}
                
I'm ignoring this, since I wasn't doing a \csname.


! Package keyval Error: keepaspectratio \paperheight  undefined.

See the keyval package documentation for explanation.
Type  H <return>  for immediate help.
 ...                                              
                                                  
l.65 \end{frame}
                
Try typing  <return>  to proceed.
If that doesn't work, type  X <return>  to quit.

File: escudo_fciencias.png Graphic file (type png)
<use escudo_fciencias.png>
Package pdftex.def Info: escudo_fciencias.png  used on input line 65.
(pdftex.def)             Requested size: 364.20155pt x 0.0pt.

Overfull \hbox (164.42767pt too wide) has occurred while \output is active
 [][]  \OT1/cmss/m/n/6 ([])  
 []

[6

]
Overfull \hbox (164.42767pt too wide) in paragraph at lines 82--82
 [][]  \OT1/cmss/m/n/6 ([])  
 []



! Missing \endcsname inserted.
<to be read again> 
                   \paperheight 
l.82 \end{frame}
                
The control sequence marked <to be read again> should
not appear between \csname and \endcsname.

! Missing number, treated as zero.
<to be read again> 
                   \endcsname 
l.82 \end{frame}
                
A number should have been here; I inserted `0'.
(If you can't figure out why I needed to see a number,
look up `weird error' in the index to The TeXbook.)

! Illegal unit of measure (pt inserted).
<to be read again> 
                   \endcsname 
l.82 \end{frame}
                
Dimensions can be in units of em, ex, in, pt, pc,
cm, mm, dd, cc, nd, nc, bp, or sp; but yours is a new one!
I'll assume that you meant to say pt, for printer's points.
To recover gracefully from this error, it's best to
delete the erroneous units; e.g., type `2' to delete
two letters. (See Chapter 27 of The TeXbook.)

! Extra \endcsname.
<recently read> \endcsname 
                           
l.82 \end{frame}
                
I'm ignoring this, since I wasn't doing a \csname.


! Package keyval Error: keepaspectratio \paperheight  undefined.

See the keyval package documentation for explanation.
Type  H <return>  for immediate help.
 ...                                              
                                                  
l.82 \end{frame}
                
Try typing  <return>  to proceed.
If that doesn't work, type  X <return>  to quit.

File: escudo_fciencias.png Graphic file (type png)
<use escudo_fciencias.png>
Package pdftex.def Info: escudo_fciencias.png  used on input line 82.
(pdftex.def)             Requested size: 364.20155pt x 0.0pt.

Overfull \hbox (164.42767pt too wide) has occurred while \output is active
 [][]  \OT1/cmss/m/n/6 ([])  
 []

[7

]

! Missing \endcsname inserted.
<to be read again> 
                   \paperheight 
l.82 \end{frame}
                
The control sequence marked <to be read again> should
not appear between \csname and \endcsname.

! Missing number, treated as zero.
<to be read again> 
                   \endcsname 
l.82 \end{frame}
                
A number should have been here; I inserted `0'.
(If you can't figure out why I needed to see a number,
look up `weird error' in the index to The TeXbook.)

! Illegal unit of measure (pt inserted).
<to be read again> 
                   \endcsname 
l.82 \end{frame}
                
Dimensions can be in units of em, ex, in, pt, pc,
cm, mm, dd, cc, nd, nc, bp, or sp; but yours is a new one!
I'll assume that you meant to say pt, for printer's points.
To recover gracefully from this error, it's best to
delete the erroneous units; e.g., type `2' to delete
two letters. (See Chapter 27 of The TeXbook.)

! Extra \endcsname.
<recently read> \endcsname 
                           
l.82 \end{frame}
                
I'm ignoring this, since I wasn't doing a \csname.


! Package keyval Error: keepaspectratio \paperheight  undefined.

See the keyval package documentation for explanation.
Type  H <return>  for immediate help.
 ...                                              
                                                  
l.82 \end{frame}
                
Try typing  <return>  to proceed.
If that doesn't work, type  X <return>  to quit.

File: escudo_fciencias.png Graphic file (type png)
<use escudo_fciencias.png>
Package pdftex.def Info: escudo_fciencias.png  used on input line 82.
(pdftex.def)             Requested size: 364.20155pt x 0.0pt.

Overfull \hbox (164.42767pt too wide) has occurred while \output is active
 [][]  \OT1/cmss/m/n/6 ([])  
 []

[8

]

! Missing \endcsname inserted.
<to be read again> 
                   \paperheight 
l.82 \end{frame}
                
The control sequence marked <to be read again> should
not appear between \csname and \endcsname.

! Missing number, treated as zero.
<to be read again> 
                   \endcsname 
l.82 \end{frame}
                
A number should have been here; I inserted `0'.
(If you can't figure out why I needed to see a number,
look up `weird error' in the index to The TeXbook.)

! Illegal unit of measure (pt inserted).
<to be read again> 
                   \endcsname 
l.82 \end{frame}
                
Dimensions can be in units of em, ex, in, pt, pc,
cm, mm, dd, cc, nd, nc, bp, or sp; but yours is a new one!
I'll assume that you meant to say pt, for printer's points.
To recover gracefully from this error, it's best to
delete the erroneous units; e.g., type `2' to delete
two letters. (See Chapter 27 of The TeXbook.)

! Extra \endcsname.
<recently read> \endcsname 
                           
l.82 \end{frame}
                
I'm ignoring this, since I wasn't doing a \csname.


! Package keyval Error: keepaspectratio \paperheight  undefined.

See the keyval package documentation for explanation.
Type  H <return>  for immediate help.
 ...                                              
                                                  
l.82 \end{frame}
                
Try typing  <return>  to proceed.
If that doesn't work, type  X <return>  to quit.

File: escudo_fciencias.png Graphic file (type png)
<use escudo_fciencias.png>
Package pdftex.def Info: escudo_fciencias.png  used on input line 82.
(pdftex.def)             Requested size: 364.20155pt x 0.0pt.

Overfull \hbox (164.42767pt too wide) has occurred while \output is active
 [][]  \OT1/cmss/m/n/6 ([])  
 []

[9

]
Overfull \hbox (164.42767pt too wide) in paragraph at lines 97--97
 [][]  \OT1/cmss/m/n/6 ([])  
 []



! Missing \endcsname inserted.
<to be read again> 
                   \paperheight 
l.97 \end{frame}
                
The control sequence marked <to be read again> should
not appear between \csname and \endcsname.

! Missing number, treated as zero.
<to be read again> 
                   \endcsname 
l.97 \end{frame}
                
A number should have been here; I inserted `0'.
(If you can't figure out why I needed to see a number,
look up `weird error' in the index to The TeXbook.)

! Illegal unit of measure (pt inserted).
<to be read again> 
                   \endcsname 
l.97 \end{frame}
                
Dimensions can be in units of em, ex, in, pt, pc,
cm, mm, dd, cc, nd, nc, bp, or sp; but yours is a new one!
I'll assume that you meant to say pt, for printer's points.
To recover gracefully from this error, it's best to
delete the erroneous units; e.g., type `2' to delete
two letters. (See Chapter 27 of The TeXbook.)

! Extra \endcsname.
<recently read> \endcsname 
                           
l.97 \end{frame}
                
I'm ignoring this, since I wasn't doing a \csname.


! Package keyval Error: keepaspectratio \paperheight  undefined.

See the keyval package documentation for explanation.
Type  H <return>  for immediate help.
 ...                                              
                                                  
l.97 \end{frame}
                
Try typing  <return>  to proceed.
If that doesn't work, type  X <return>  to quit.

File: escudo_fciencias.png Graphic file (type png)
<use escudo_fciencias.png>
Package pdftex.def Info: escudo_fciencias.png  used on input line 97.
(pdftex.def)             Requested size: 364.20155pt x 0.0pt.

Overfull \hbox (164.42767pt too wide) has occurred while \output is active
 [][]  \OT1/cmss/m/n/6 ([])  
 []

[10

]

! Missing \endcsname inserted.
<to be read again> 
                   \paperheight 
l.97 \end{frame}
                
The control sequence marked <to be read again> should
not appear between \csname and \endcsname.

! Missing number, treated as zero.
<to be read again> 
                   \endcsname 
l.97 \end{frame}
                
A number should have been here; I inserted `0'.
(If you can't figure out why I needed to see a number,
look up `weird error' in the index to The TeXbook.)

! Illegal unit of measure (pt inserted).
<to be read again> 
                   \endcsname 
l.97 \end{frame}
                
Dimensions can be in units of em, ex, in, pt, pc,
cm, mm, dd, cc, nd, nc, bp, or sp; but yours is a new one!
I'll assume that you meant to say pt, for printer's points.
To recover gracefully from this error, it's best to
delete the erroneous units; e.g., type `2' to delete
two letters. (See Chapter 27 of The TeXbook.)

! Extra \endcsname.
<recently read> \endcsname 
                           
l.97 \end{frame}
                
I'm ignoring this, since I wasn't doing a \csname.


! Package keyval Error: keepaspectratio \paperheight  undefined.

See the keyval package documentation for explanation.
Type  H <return>  for immediate help.
 ...                                              
                                                  
l.97 \end{frame}
                
Try typing  <return>  to proceed.
If that doesn't work, type  X <return>  to quit.

File: escudo_fciencias.png Graphic file (type png)
<use escudo_fciencias.png>
Package pdftex.def Info: escudo_fciencias.png  used on input line 97.
(pdftex.def)             Requested size: 364.20155pt x 0.0pt.

Overfull \hbox (164.42767pt too wide) has occurred while \output is active
 [][]  \OT1/cmss/m/n/6 ([])  
 []

[11

]

! Missing \endcsname inserted.
<to be read again> 
                   \paperheight 
l.97 \end{frame}
                
The control sequence marked <to be read again> should
not appear between \csname and \endcsname.

! Missing number, treated as zero.
<to be read again> 
                   \endcsname 
l.97 \end{frame}
                
A number should have been here; I inserted `0'.
(If you can't figure out why I needed to see a number,
look up `weird error' in the index to The TeXbook.)

! Illegal unit of measure (pt inserted).
<to be read again> 
                   \endcsname 
l.97 \end{frame}
                
Dimensions can be in units of em, ex, in, pt, pc,
cm, mm, dd, cc, nd, nc, bp, or sp; but yours is a new one!
I'll assume that you meant to say pt, for printer's points.
To recover gracefully from this error, it's best to
delete the erroneous units; e.g., type `2' to delete
two letters. (See Chapter 27 of The TeXbook.)

! Extra \endcsname.
<recently read> \endcsname 
                           
l.97 \end{frame}
                
I'm ignoring this, since I wasn't doing a \csname.


! Package keyval Error: keepaspectratio \paperheight  undefined.

See the keyval package documentation for explanation.
Type  H <return>  for immediate help.
 ...                                              
                                                  
l.97 \end{frame}
                
Try typing  <return>  to proceed.
If that doesn't work, type  X <return>  to quit.

File: escudo_fciencias.png Graphic file (type png)
<use escudo_fciencias.png>
Package pdftex.def Info: escudo_fciencias.png  used on input line 97.
(pdftex.def)             Requested size: 364.20155pt x 0.0pt.

Overfull \hbox (164.42767pt too wide) has occurred while \output is active
 [][]  \OT1/cmss/m/n/6 ([])  
 []

[12

]

! Missing \endcsname inserted.
<to be read again> 
                   \paperheight 
l.97 \end{frame}
                
The control sequence marked <to be read again> should
not appear between \csname and \endcsname.

! Missing number, treated as zero.
<to be read again> 
                   \endcsname 
l.97 \end{frame}
                
A number should have been here; I inserted `0'.
(If you can't figure out why I needed to see a number,
look up `weird error' in the index to The TeXbook.)

! Illegal unit of measure (pt inserted).
<to be read again> 
                   \endcsname 
l.97 \end{frame}
                
Dimensions can be in units of em, ex, in, pt, pc,
cm, mm, dd, cc, nd, nc, bp, or sp; but yours is a new one!
I'll assume that you meant to say pt, for printer's points.
To recover gracefully from this error, it's best to
delete the erroneous units; e.g., type `2' to delete
two letters. (See Chapter 27 of The TeXbook.)

! Extra \endcsname.
<recently read> \endcsname 
                           
l.97 \end{frame}
                
I'm ignoring this, since I wasn't doing a \csname.


! Package keyval Error: keepaspectratio \paperheight  undefined.

See the keyval package documentation for explanation.
Type  H <return>  for immediate help.
 ...                                              
                                                  
l.97 \end{frame}
                
Try typing  <return>  to proceed.
If that doesn't work, type  X <return>  to quit.

File: escudo_fciencias.png Graphic file (type png)
<use escudo_fciencias.png>
Package pdftex.def Info: escudo_fciencias.png  used on input line 97.
(pdftex.def)             Requested size: 364.20155pt x 0.0pt.

Overfull \hbox (164.42767pt too wide) has occurred while \output is active
 [][]  \OT1/cmss/m/n/6 ([])  
 []

[13

]
Overfull \hbox (164.42767pt too wide) in paragraph at lines 114--114
 [][]  \OT1/cmss/m/n/6 ([])  
 []



! Missing \endcsname inserted.
<to be read again> 
                   \paperheight 
l.114   \end{frame}
                   
The control sequence marked <to be read again> should
not appear between \csname and \endcsname.

! Missing number, treated as zero.
<to be read again> 
                   \endcsname 
l.114   \end{frame}
                   
A number should have been here; I inserted `0'.
(If you can't figure out why I needed to see a number,
look up `weird error' in the index to The TeXbook.)

! Illegal unit of measure (pt inserted).
<to be read again> 
                   \endcsname 
l.114   \end{frame}
                   
Dimensions can be in units of em, ex, in, pt, pc,
cm, mm, dd, cc, nd, nc, bp, or sp; but yours is a new one!
I'll assume that you meant to say pt, for printer's points.
To recover gracefully from this error, it's best to
delete the erroneous units; e.g., type `2' to delete
two letters. (See Chapter 27 of The TeXbook.)

! Extra \endcsname.
<recently read> \endcsname 
                           
l.114   \end{frame}
                   
I'm ignoring this, since I wasn't doing a \csname.


! Package keyval Error: keepaspectratio \paperheight  undefined.

See the keyval package documentation for explanation.
Type  H <return>  for immediate help.
 ...                                              
                                                  
l.114   \end{frame}
                   
Try typing  <return>  to proceed.
If that doesn't work, type  X <return>  to quit.

File: escudo_fciencias.png Graphic file (type png)
<use escudo_fciencias.png>
Package pdftex.def Info: escudo_fciencias.png  used on input line 114.
(pdftex.def)             Requested size: 364.20155pt x 0.0pt.

Overfull \hbox (164.42767pt too wide) has occurred while \output is active
 [][]  \OT1/cmss/m/n/6 ([])  
 []

[14

]
\tf@nav=\write7
\openout7 = `"programacion concurrente.nav"'.

\tf@toc=\write8
\openout8 = `"programacion concurrente.toc"'.

\tf@snm=\write9
\openout9 = `"programacion concurrente.snm"'.

 (programacion concurrente.aux
LaTeX Info: Redefining \. on input line 10.
LaTeX Info: Redefining \% on input line 10.
)
 ***********
LaTeX2e <2024-06-01> patch level 2
L3 programming layer <2024-08-16>
 ***********
Package rerunfilecheck Info: File `"programacion concurrente".out' has not chan
ged.
(rerunfilecheck)             Checksum: 17C10BB5F9B8B24D7597C128ABB5551F;672.
 ) 
Here is how much of TeX's memory you used:
 25343 strings out of 473899
 495479 string characters out of 5728785
 1948960 words of memory out of 5000000
 47657 multiletter control sequences out of 15000+600000
 566006 words of font info for 64 fonts, out of 8000000 for 9000
 1141 hyphenation exceptions out of 8191
 128i,16n,123p,543b,841s stack positions out of 10000i,1000n,20000p,200000b,200000s
<C:/Users/Irlanda Ramos/Documents/miktex/fonts/type1/public/amsfonts/cm/cmss1
0.pfb><C:/Users/Irlanda Ramos/Documents/miktex/fonts/type1/public/amsfonts/cm/c
mss12.pfb><C:/Users/Irlanda Ramos/Documents/miktex/fonts/type1/public/amsfonts/
cm/cmss8.pfb><C:/Users/Irlanda Ramos/Documents/miktex/fonts/type1/public/amsfon
ts/cm/cmssbx10.pfb>
Output written on "programacion concurrente.pdf" (14 pages, 381919 bytes).
PDF statistics:
 593 PDF objects out of 1000 (max. 8388607)
 32 named destinations out of 1000 (max. 500000)
 527 words of extra memory for PDF output out of 10000 (max. 10000000)

